{"time":"2026-02-22T18:44:16.463133552+05:30","level":"INFO","msg":"connected to redis"}
{"time":"2026-02-22T18:44:16.463251483+05:30","level":"INFO","msg":"server started","addr":"http://localhost:8080"}
APIKeyAuth
{"time":"2026-02-22T18:44:18.467169643+05:30","level":"INFO","msg":"request completed","status":500,"method":"GET","path":"/date","latency_ms":0,"request_id":"04c7615b-4e59-4f0d-9388-3c43b432b589","remote_addr":"[::1]:39604"}
APIKeyAuth
{"time":"2026-02-22T18:44:18.472877671+05:30","level":"INFO","msg":"request completed","status":500,"method":"GET","path":"/date","latency_ms":0,"request_id":"39e7bff7-6430-4d82-aeb0-6aaef8ebd127","remote_addr":"[::1]:39610"}
APIKeyAuth
{"time":"2026-02-22T18:44:18.478314831+05:30","level":"INFO","msg":"request completed","status":500,"method":"GET","path":"/date","latency_ms":0,"request_id":"41000749-a74e-45d8-ad18-506dbfb720de","remote_addr":"[::1]:39614"}
APIKeyAuth
{"time":"2026-02-22T18:44:18.483923304+05:30","level":"INFO","msg":"request completed","status":500,"method":"GET","path":"/date","latency_ms":0,"request_id":"bac4acf2-dd21-4261-b068-194421cc9197","remote_addr":"[::1]:39624"}
APIKeyAuth
{"time":"2026-02-22T18:44:18.489163956+05:30","level":"INFO","msg":"request completed","status":500,"method":"GET","path":"/date","latency_ms":0,"request_id":"b4c162de-9dc7-4d94-8134-a5b9082a7a4c","remote_addr":"[::1]:39640"}
APIKeyAuth
{"time":"2026-02-22T18:44:18.494302721+05:30","level":"INFO","msg":"request completed","status":500,"method":"GET","path":"/date","latency_ms":0,"request_id":"7f48aefc-1f59-4924-b94e-272762fc2941","remote_addr":"[::1]:39654"}
APIKeyAuth
{"time":"2026-02-22T18:44:18.499496003+05:30","level":"INFO","msg":"request completed","status":500,"method":"GET","path":"/date","latency_ms":0,"request_id":"c5f6f7d0-f975-4929-b314-fa44e0a8af05","remote_addr":"[::1]:39664"}
APIKeyAuth
{"time":"2026-02-22T18:44:18.504762123+05:30","level":"INFO","msg":"request completed","status":500,"method":"GET","path":"/date","latency_ms":0,"request_id":"e66f1dd0-65e9-446a-9a68-640515c9ad10","remote_addr":"[::1]:39672"}
APIKeyAuth
{"time":"2026-02-22T18:44:18.510077221+05:30","level":"INFO","msg":"request completed","status":500,"method":"GET","path":"/date","latency_ms":0,"request_id":"35634b71-efed-4b76-a4b4-566570654367","remote_addr":"[::1]:39684"}
APIKeyAuth
{"time":"2026-02-22T18:44:18.515189964+05:30","level":"INFO","msg":"request completed","status":500,"method":"GET","path":"/date","latency_ms":0,"request_id":"e3fdf470-2c94-4a38-87af-2494be60a0da","remote_addr":"[::1]:39696"}
APIKeyAuth
{"time":"2026-02-22T18:44:18.520559692+05:30","level":"INFO","msg":"request completed","status":500,"method":"GET","path":"/date","latency_ms":0,"request_id":"42c641a7-33d3-4af0-93ce-53b85193a655","remote_addr":"[::1]:39708"}
APIKeyAuth
{"time":"2026-02-22T18:44:18.526049086+05:30","level":"INFO","msg":"request completed","status":500,"method":"GET","path":"/date","latency_ms":0,"request_id":"d7aa80d4-1b2d-4fe9-8925-bb6cb78a3c3a","remote_addr":"[::1]:39720"}
APIKeyAuth
{"time":"2026-02-22T18:44:18.53161199+05:30","level":"INFO","msg":"request completed","status":500,"method":"GET","path":"/date","latency_ms":0,"request_id":"173d1bbb-4504-4364-aab7-739541fac4b8","remote_addr":"[::1]:39732"}
APIKeyAuth
{"time":"2026-02-22T18:44:18.536900673+05:30","level":"INFO","msg":"request completed","status":500,"method":"GET","path":"/date","latency_ms":0,"request_id":"3b140a38-1bc8-46d7-baaa-968a2cc0b407","remote_addr":"[::1]:39734"}
APIKeyAuth
{"time":"2026-02-22T18:44:18.542821989+05:30","level":"INFO","msg":"request completed","status":500,"method":"GET","path":"/date","latency_ms":0,"request_id":"66e36010-9c6b-4dc7-a74d-f80b870aac6f","remote_addr":"[::1]:39740"}
APIKeyAuth
{"time":"2026-02-22T18:44:18.548896299+05:30","level":"INFO","msg":"request completed","status":500,"method":"GET","path":"/date","latency_ms":0,"request_id":"85d66113-71d6-4cd1-96c5-35815c5c7f7a","remote_addr":"[::1]:39754"}
APIKeyAuth
{"time":"2026-02-22T18:44:18.555486899+05:30","level":"INFO","msg":"request completed","status":500,"method":"GET","path":"/date","latency_ms":0,"request_id":"ee4e374e-959e-467c-8b70-7c25a9cd7853","remote_addr":"[::1]:39766"}
APIKeyAuth
{"time":"2026-02-22T18:44:18.561276007+05:30","level":"INFO","msg":"request completed","status":500,"method":"GET","path":"/date","latency_ms":0,"request_id":"f5860d76-f32f-45be-9324-27386b386020","remote_addr":"[::1]:39770"}
APIKeyAuth
{"time":"2026-02-22T18:44:18.567091372+05:30","level":"INFO","msg":"request completed","status":500,"method":"GET","path":"/date","latency_ms":0,"request_id":"f98690ae-2ae7-4b6f-9ea6-b6d9cf0c7f70","remote_addr":"[::1]:39784"}
APIKeyAuth
{"time":"2026-02-22T18:44:18.575100591+05:30","level":"INFO","msg":"request completed","status":500,"method":"GET","path":"/date","latency_ms":0,"request_id":"e853df92-03be-48be-9778-a33bbe53b79a","remote_addr":"[::1]:39796"}
APIKeyAuth
{"time":"2026-02-22T18:44:18.582462997+05:30","level":"INFO","msg":"request completed","status":500,"method":"GET","path":"/date","latency_ms":0,"request_id":"da8426e2-bfce-4f4e-8f70-4a40bc2c5126","remote_addr":"[::1]:39800"}
APIKeyAuth
{"time":"2026-02-22T18:44:18.589285108+05:30","level":"INFO","msg":"request completed","status":500,"method":"GET","path":"/date","latency_ms":0,"request_id":"2bb7ceca-0573-4ada-b37b-05e700f45c64","remote_addr":"[::1]:39808"}
APIKeyAuth
{"time":"2026-02-22T18:44:18.595503769+05:30","level":"INFO","msg":"request completed","status":500,"method":"GET","path":"/date","latency_ms":0,"request_id":"58a2f361-ec1f-474b-9cf8-f49be96272bf","remote_addr":"[::1]:39822"}
APIKeyAuth
{"time":"2026-02-22T18:44:18.601616832+05:30","level":"INFO","msg":"request completed","status":500,"method":"GET","path":"/date","latency_ms":0,"request_id":"367fb088-e5f7-4a63-9433-754a2a638735","remote_addr":"[::1]:39828"}
APIKeyAuth
{"time":"2026-02-22T18:44:18.607475249+05:30","level":"INFO","msg":"request completed","status":500,"method":"GET","path":"/date","latency_ms":0,"request_id":"5bc4e364-a7c4-485b-b70a-210c42c5a41f","remote_addr":"[::1]:39842"}
APIKeyAuth
{"time":"2026-02-22T18:44:18.613327149+05:30","level":"INFO","msg":"request completed","status":500,"method":"GET","path":"/date","latency_ms":0,"request_id":"d8cbdcf9-3fc8-4ed2-8909-3a64e7c3742f","remote_addr":"[::1]:39846"}
APIKeyAuth
{"time":"2026-02-22T18:44:18.619932276+05:30","level":"INFO","msg":"request completed","status":500,"method":"GET","path":"/date","latency_ms":0,"request_id":"292ea308-78c0-42be-ae82-405e55038d65","remote_addr":"[::1]:39850"}
APIKeyAuth
{"time":"2026-02-22T18:44:18.626909073+05:30","level":"INFO","msg":"request completed","status":500,"method":"GET","path":"/date","latency_ms":0,"request_id":"79ce43f3-0519-48ba-ad75-0e8e28dfbe84","remote_addr":"[::1]:39852"}
APIKeyAuth
{"time":"2026-02-22T18:44:18.634743838+05:30","level":"INFO","msg":"request completed","status":500,"method":"GET","path":"/date","latency_ms":0,"request_id":"a5259b34-7717-45ac-bfcb-bfa7dd639a21","remote_addr":"[::1]:39864"}
APIKeyAuth
{"time":"2026-02-22T18:44:18.64081262+05:30","level":"INFO","msg":"request completed","status":500,"method":"GET","path":"/date","latency_ms":0,"request_id":"16eca845-ca23-4ccd-acfe-8adc77cea031","remote_addr":"[::1]:39868"}
APIKeyAuth
{"time":"2026-02-22T18:44:18.646839798+05:30","level":"INFO","msg":"request completed","status":500,"method":"GET","path":"/date","latency_ms":0,"request_id":"7bae7d42-3a3b-40b7-9dfb-98c20353bc41","remote_addr":"[::1]:39876"}
APIKeyAuth
{"time":"2026-02-22T18:44:18.654428481+05:30","level":"INFO","msg":"request completed","status":500,"method":"GET","path":"/date","latency_ms":0,"request_id":"755b0821-c0aa-4545-bdbe-d0d1fb3d3dfd","remote_addr":"[::1]:39888"}
APIKeyAuth
{"time":"2026-02-22T18:44:18.6630948+05:30","level":"INFO","msg":"request completed","status":500,"method":"GET","path":"/date","latency_ms":0,"request_id":"9fd4d290-a91d-462c-ac1a-ecbd6ecf2467","remote_addr":"[::1]:39898"}
APIKeyAuth
{"time":"2026-02-22T18:44:18.671028478+05:30","level":"INFO","msg":"request completed","status":500,"method":"GET","path":"/date","latency_ms":0,"request_id":"eee7a136-519c-42a4-9c30-0156a6dc976d","remote_addr":"[::1]:39908"}
APIKeyAuth
{"time":"2026-02-22T18:44:18.678796596+05:30","level":"INFO","msg":"request completed","status":500,"method":"GET","path":"/date","latency_ms":0,"request_id":"7f575950-e4a1-4924-a0a8-e7883c0f0287","remote_addr":"[::1]:39918"}
APIKeyAuth
{"time":"2026-02-22T18:44:18.68779925+05:30","level":"INFO","msg":"request completed","status":500,"method":"GET","path":"/date","latency_ms":0,"request_id":"296247a3-87e2-44f0-8c18-862d1a0c34a8","remote_addr":"[::1]:39928"}
APIKeyAuth
{"time":"2026-02-22T18:44:18.69689013+05:30","level":"INFO","msg":"request completed","status":500,"method":"GET","path":"/date","latency_ms":0,"request_id":"c0548681-fa47-44a9-b8a2-8d40c92ede2b","remote_addr":"[::1]:39936"}
APIKeyAuth
{"time":"2026-02-22T18:44:18.704757412+05:30","level":"INFO","msg":"request completed","status":500,"method":"GET","path":"/date","latency_ms":0,"request_id":"11120ffe-a961-462f-b76a-45271e20f200","remote_addr":"[::1]:39944"}
APIKeyAuth
{"time":"2026-02-22T18:44:18.712534155+05:30","level":"INFO","msg":"request completed","status":500,"method":"GET","path":"/date","latency_ms":0,"request_id":"1ca01f28-9ebf-463b-900b-fa1d0b709176","remote_addr":"[::1]:39952"}
APIKeyAuth
{"time":"2026-02-22T18:44:18.7200181+05:30","level":"INFO","msg":"request completed","status":500,"method":"GET","path":"/date","latency_ms":0,"request_id":"d1b7d32f-49bb-4398-8f67-340804a7939d","remote_addr":"[::1]:39954"}
APIKeyAuth
{"time":"2026-02-22T18:44:18.728296965+05:30","level":"INFO","msg":"request completed","status":500,"method":"GET","path":"/date","latency_ms":0,"request_id":"0c8c26b7-caa9-4b0a-900f-8ccd441fa526","remote_addr":"[::1]:39962"}
APIKeyAuth
{"time":"2026-02-22T18:44:18.735723353+05:30","level":"INFO","msg":"request completed","status":500,"method":"GET","path":"/date","latency_ms":0,"request_id":"7baf2925-e74d-48e9-a2c0-c2408d60f15f","remote_addr":"[::1]:39964"}
APIKeyAuth
{"time":"2026-02-22T18:44:18.7428682+05:30","level":"INFO","msg":"request completed","status":500,"method":"GET","path":"/date","latency_ms":0,"request_id":"71536c4c-6950-437a-b38d-2001508334b7","remote_addr":"[::1]:39974"}
APIKeyAuth
{"time":"2026-02-22T18:44:18.749587199+05:30","level":"INFO","msg":"request completed","status":500,"method":"GET","path":"/date","latency_ms":0,"request_id":"b6f18da4-f5f0-410a-841d-2e4a55f617c3","remote_addr":"[::1]:39988"}
APIKeyAuth
{"time":"2026-02-22T18:44:18.758478019+05:30","level":"INFO","msg":"request completed","status":500,"method":"GET","path":"/date","latency_ms":2,"request_id":"fb992d23-4494-449f-9dfa-5b43b6f89717","remote_addr":"[::1]:39992"}
APIKeyAuth
{"time":"2026-02-22T18:44:18.765889059+05:30","level":"INFO","msg":"request completed","status":500,"method":"GET","path":"/date","latency_ms":0,"request_id":"cb1de75c-4695-4127-8d63-c99ce997318d","remote_addr":"[::1]:40000"}
APIKeyAuth
{"time":"2026-02-22T18:44:18.773523158+05:30","level":"INFO","msg":"request completed","status":500,"method":"GET","path":"/date","latency_ms":0,"request_id":"803d9cf6-451d-45d0-988d-9914944dda21","remote_addr":"[::1]:40002"}
APIKeyAuth
{"time":"2026-02-22T18:44:18.780798562+05:30","level":"INFO","msg":"request completed","status":500,"method":"GET","path":"/date","latency_ms":0,"request_id":"dfe126cd-0320-46b3-a405-35c07bd48351","remote_addr":"[::1]:40014"}
APIKeyAuth
{"time":"2026-02-22T18:44:18.787956458+05:30","level":"INFO","msg":"request completed","status":500,"method":"GET","path":"/date","latency_ms":0,"request_id":"88a451c0-996a-4e22-9d29-d2dc47e1abff","remote_addr":"[::1]:40022"}
APIKeyAuth
{"time":"2026-02-22T18:44:18.794862093+05:30","level":"INFO","msg":"request completed","status":500,"method":"GET","path":"/date","latency_ms":0,"request_id":"c0ac9517-c947-4bb9-b59f-0aa5d76d72ec","remote_addr":"[::1]:40036"}
APIKeyAuth
{"time":"2026-02-22T18:44:18.802850328+05:30","level":"INFO","msg":"request completed","status":500,"method":"GET","path":"/date","latency_ms":0,"request_id":"3a508712-3613-4ec4-a420-d96f9bde8710","remote_addr":"[::1]:40042"}
APIKeyAuth
{"time":"2026-02-22T18:44:18.810532373+05:30","level":"INFO","msg":"request completed","status":500,"method":"GET","path":"/date","latency_ms":0,"request_id":"5d4d08f1-66b1-4799-be8e-30d899bea9b8","remote_addr":"[::1]:40052"}
APIKeyAuth
{"time":"2026-02-22T18:44:18.817721597+05:30","level":"INFO","msg":"request completed","status":500,"method":"GET","path":"/date","latency_ms":0,"request_id":"7bdaedc7-0f89-475c-9000-da1bd639cc72","remote_addr":"[::1]:40062"}
APIKeyAuth
{"time":"2026-02-22T18:44:18.824743044+05:30","level":"INFO","msg":"request completed","status":500,"method":"GET","path":"/date","latency_ms":0,"request_id":"fba59684-06a6-4b5f-b35c-9a412b441f3e","remote_addr":"[::1]:40074"}
APIKeyAuth
{"time":"2026-02-22T18:44:18.831741849+05:30","level":"INFO","msg":"request completed","status":500,"method":"GET","path":"/date","latency_ms":0,"request_id":"d7a576a3-08ce-48be-9e08-aa632619a31d","remote_addr":"[::1]:40090"}
APIKeyAuth
{"time":"2026-02-22T18:44:18.840012128+05:30","level":"INFO","msg":"request completed","status":500,"method":"GET","path":"/date","latency_ms":0,"request_id":"012a9799-00fb-4804-b81e-55504482e9cb","remote_addr":"[::1]:40094"}
APIKeyAuth
{"time":"2026-02-22T18:44:18.847713258+05:30","level":"INFO","msg":"request completed","status":500,"method":"GET","path":"/date","latency_ms":0,"request_id":"a5a944e3-7b46-4fd0-b04a-92305ff5e622","remote_addr":"[::1]:40102"}
APIKeyAuth
{"time":"2026-02-22T18:44:18.855609978+05:30","level":"INFO","msg":"request completed","status":500,"method":"GET","path":"/date","latency_ms":0,"request_id":"de8bb6b5-d833-4a94-83ee-302bf6cbb5aa","remote_addr":"[::1]:40118"}
APIKeyAuth
{"time":"2026-02-22T18:44:18.862782064+05:30","level":"INFO","msg":"request completed","status":500,"method":"GET","path":"/date","latency_ms":0,"request_id":"e27c6673-c26a-4ff9-a327-f8c9c348b009","remote_addr":"[::1]:40126"}
APIKeyAuth
{"time":"2026-02-22T18:44:18.870378215+05:30","level":"INFO","msg":"request completed","status":500,"method":"GET","path":"/date","latency_ms":0,"request_id":"559a32b4-fe34-4782-8e5e-43d4667a9429","remote_addr":"[::1]:40136"}
APIKeyAuth
{"time":"2026-02-22T18:44:18.87772301+05:30","level":"INFO","msg":"request completed","status":500,"method":"GET","path":"/date","latency_ms":0,"request_id":"902ce887-2562-4d2d-b31a-7463c6f40a66","remote_addr":"[::1]:40138"}
APIKeyAuth
{"time":"2026-02-22T18:44:18.884745477+05:30","level":"INFO","msg":"request completed","status":500,"method":"GET","path":"/date","latency_ms":0,"request_id":"3f1489ae-175c-4c4f-b835-c57c6ac4b7c3","remote_addr":"[::1]:40152"}
APIKeyAuth
{"time":"2026-02-22T18:44:18.89200304+05:30","level":"INFO","msg":"request completed","status":500,"method":"GET","path":"/date","latency_ms":0,"request_id":"da3d4cf5-aad2-4ade-9f5e-0a3df5f3ee0a","remote_addr":"[::1]:40162"}
APIKeyAuth
{"time":"2026-02-22T18:44:18.899230448+05:30","level":"INFO","msg":"request completed","status":500,"method":"GET","path":"/date","latency_ms":0,"request_id":"20747c6a-6a17-47c5-90cc-94cd1d4ce77e","remote_addr":"[::1]:40168"}
APIKeyAuth
{"time":"2026-02-22T18:44:18.906347428+05:30","level":"INFO","msg":"request completed","status":500,"method":"GET","path":"/date","latency_ms":0,"request_id":"4976a884-54f0-470d-9999-1a497efe854c","remote_addr":"[::1]:40182"}
APIKeyAuth
{"time":"2026-02-22T18:44:18.913298759+05:30","level":"INFO","msg":"request completed","status":500,"method":"GET","path":"/date","latency_ms":0,"request_id":"ee42b891-e730-4e39-8036-10a77976c7e3","remote_addr":"[::1]:40188"}
APIKeyAuth
{"time":"2026-02-22T18:44:18.920449416+05:30","level":"INFO","msg":"request completed","status":500,"method":"GET","path":"/date","latency_ms":0,"request_id":"07ee8d53-69de-410e-9997-652323fc4c34","remote_addr":"[::1]:40190"}
APIKeyAuth
{"time":"2026-02-22T18:44:18.928355982+05:30","level":"INFO","msg":"request completed","status":500,"method":"GET","path":"/date","latency_ms":0,"request_id":"b505ce08-0847-46a9-813a-dd0db1f29598","remote_addr":"[::1]:40192"}
APIKeyAuth
{"time":"2026-02-22T18:44:18.937710991+05:30","level":"INFO","msg":"request completed","status":500,"method":"GET","path":"/date","latency_ms":0,"request_id":"3b161f93-803a-4a0b-94f9-86a5339c9ec1","remote_addr":"[::1]:40204"}
APIKeyAuth
{"time":"2026-02-22T18:44:18.946677145+05:30","level":"INFO","msg":"request completed","status":500,"method":"GET","path":"/date","latency_ms":0,"request_id":"7ec4e2af-6fd5-43e5-84d6-1b2f1a327fb9","remote_addr":"[::1]:40218"}
APIKeyAuth
{"time":"2026-02-22T18:44:18.95584817+05:30","level":"INFO","msg":"request completed","status":500,"method":"GET","path":"/date","latency_ms":0,"request_id":"b4f23fb3-fa10-4240-9fe7-0d5354b962e0","remote_addr":"[::1]:40224"}
APIKeyAuth
{"time":"2026-02-22T18:44:18.965107686+05:30","level":"INFO","msg":"request completed","status":500,"method":"GET","path":"/date","latency_ms":0,"request_id":"e1c034e0-f732-461c-86cf-3b5e80862be0","remote_addr":"[::1]:40240"}
APIKeyAuth
{"time":"2026-02-22T18:44:18.973391256+05:30","level":"INFO","msg":"request completed","status":500,"method":"GET","path":"/date","latency_ms":0,"request_id":"91054e20-267b-450c-b9db-2a7c1f0507c8","remote_addr":"[::1]:40246"}
APIKeyAuth
{"time":"2026-02-22T18:44:18.981713131+05:30","level":"INFO","msg":"request completed","status":500,"method":"GET","path":"/date","latency_ms":0,"request_id":"5883db16-b036-48dd-836b-0fc22bdfe45b","remote_addr":"[::1]:40262"}
APIKeyAuth
{"time":"2026-02-22T18:44:18.989705529+05:30","level":"INFO","msg":"request completed","status":500,"method":"GET","path":"/date","latency_ms":0,"request_id":"1142cb56-88df-4602-9afc-da2e1b82cb0d","remote_addr":"[::1]:40264"}
APIKeyAuth
{"time":"2026-02-22T18:44:18.998022948+05:30","level":"INFO","msg":"request completed","status":500,"method":"GET","path":"/date","latency_ms":0,"request_id":"45b93fb4-a077-47bc-99d9-0c1db2153886","remote_addr":"[::1]:40280"}
APIKeyAuth
{"time":"2026-02-22T18:44:19.005965852+05:30","level":"INFO","msg":"request completed","status":500,"method":"GET","path":"/date","latency_ms":0,"request_id":"97c80db0-1f77-479b-bbd4-62313fa5b991","remote_addr":"[::1]:40284"}
APIKeyAuth
{"time":"2026-02-22T18:44:19.014267419+05:30","level":"INFO","msg":"request completed","status":500,"method":"GET","path":"/date","latency_ms":0,"request_id":"4e4f83b6-32c0-47ab-9a62-ca63e16a10e5","remote_addr":"[::1]:40288"}
APIKeyAuth
{"time":"2026-02-22T18:44:19.023112402+05:30","level":"INFO","msg":"request completed","status":500,"method":"GET","path":"/date","latency_ms":0,"request_id":"31e7f4d7-aaf4-4d4c-8834-62b6bd7b7375","remote_addr":"[::1]:40300"}
APIKeyAuth
{"time":"2026-02-22T18:44:19.031332201+05:30","level":"INFO","msg":"request completed","status":500,"method":"GET","path":"/date","latency_ms":0,"request_id":"97ed7974-2993-461e-9c3c-7e7553d0e206","remote_addr":"[::1]:40310"}
APIKeyAuth
{"time":"2026-02-22T18:44:19.039056473+05:30","level":"INFO","msg":"request completed","status":500,"method":"GET","path":"/date","latency_ms":0,"request_id":"36b3af2a-0708-47e1-abeb-be51a85bd35b","remote_addr":"[::1]:40324"}
APIKeyAuth
{"time":"2026-02-22T18:44:19.046905245+05:30","level":"INFO","msg":"request completed","status":500,"method":"GET","path":"/date","latency_ms":0,"request_id":"fa638867-c975-4e5f-ba55-de5f03500e91","remote_addr":"[::1]:40332"}
APIKeyAuth
{"time":"2026-02-22T18:44:19.055764073+05:30","level":"INFO","msg":"request completed","status":500,"method":"GET","path":"/date","latency_ms":0,"request_id":"9798a695-e67a-4427-8b48-46a42e23eb84","remote_addr":"[::1]:40338"}
APIKeyAuth
{"time":"2026-02-22T18:44:19.063642202+05:30","level":"INFO","msg":"request completed","status":500,"method":"GET","path":"/date","latency_ms":0,"request_id":"d91174e0-8a07-4a76-8262-bd84b4ee8222","remote_addr":"[::1]:40354"}
APIKeyAuth
{"time":"2026-02-22T18:44:19.071830983+05:30","level":"INFO","msg":"request completed","status":500,"method":"GET","path":"/date","latency_ms":0,"request_id":"1fdc6680-c8e5-4852-b8d7-f2d876a31191","remote_addr":"[::1]:40370"}
APIKeyAuth
{"time":"2026-02-22T18:44:19.080317174+05:30","level":"INFO","msg":"request completed","status":500,"method":"GET","path":"/date","latency_ms":0,"request_id":"ddfdc9de-0e56-4199-81d0-e5c902e0f5a9","remote_addr":"[::1]:40384"}
APIKeyAuth
{"time":"2026-02-22T18:44:19.088836794+05:30","level":"INFO","msg":"request completed","status":500,"method":"GET","path":"/date","latency_ms":0,"request_id":"b7553a17-812c-406a-85b8-16fb687dacab","remote_addr":"[::1]:40386"}
APIKeyAuth
{"time":"2026-02-22T18:44:19.096914071+05:30","level":"INFO","msg":"request completed","status":500,"method":"GET","path":"/date","latency_ms":0,"request_id":"0479301f-e92a-4795-bab3-9049746a43b1","remote_addr":"[::1]:40402"}
APIKeyAuth
{"time":"2026-02-22T18:44:19.10597935+05:30","level":"INFO","msg":"request completed","status":500,"method":"GET","path":"/date","latency_ms":0,"request_id":"b41170ef-93f2-44e9-bfef-3309934ed40d","remote_addr":"[::1]:40406"}
APIKeyAuth
{"time":"2026-02-22T18:44:19.11638175+05:30","level":"INFO","msg":"request completed","status":500,"method":"GET","path":"/date","latency_ms":0,"request_id":"61dadae3-f695-4e87-b8c5-d41bf76b2b2c","remote_addr":"[::1]:40408"}
APIKeyAuth
{"time":"2026-02-22T18:44:19.128155575+05:30","level":"INFO","msg":"request completed","status":500,"method":"GET","path":"/date","latency_ms":0,"request_id":"ef7ae802-79c7-4d2d-8c45-103d5b135d1c","remote_addr":"[::1]:40414"}
APIKeyAuth
{"time":"2026-02-22T18:44:19.142543171+05:30","level":"INFO","msg":"request completed","status":500,"method":"GET","path":"/date","latency_ms":1,"request_id":"71920ac4-eb36-4156-bea1-275ef86436f6","remote_addr":"[::1]:40428"}
APIKeyAuth
{"time":"2026-02-22T18:44:19.155738298+05:30","level":"INFO","msg":"request completed","status":500,"method":"GET","path":"/date","latency_ms":0,"request_id":"16f86f5c-8242-43e7-b232-3f5bbf9dbebc","remote_addr":"[::1]:40434"}
APIKeyAuth
{"time":"2026-02-22T18:44:19.173155899+05:30","level":"INFO","msg":"request completed","status":500,"method":"GET","path":"/date","latency_ms":1,"request_id":"0e2edb16-df48-4435-aca6-d6d8cdb9ca87","remote_addr":"[::1]:40436"}
APIKeyAuth
{"time":"2026-02-22T18:44:19.185226322+05:30","level":"INFO","msg":"request completed","status":500,"method":"GET","path":"/date","latency_ms":0,"request_id":"0bdea967-20b1-4526-92e5-30d1aaf7e24a","remote_addr":"[::1]:40448"}
APIKeyAuth
{"time":"2026-02-22T18:44:19.206211814+05:30","level":"INFO","msg":"request completed","status":500,"method":"GET","path":"/date","latency_ms":1,"request_id":"cf7cc7f6-7f89-42a8-9763-f6d4faa057a9","remote_addr":"[::1]:40462"}
APIKeyAuth
{"time":"2026-02-22T18:44:19.22269831+05:30","level":"INFO","msg":"request completed","status":500,"method":"GET","path":"/date","latency_ms":1,"request_id":"b5858acb-aa49-4a6f-95a3-533745452c35","remote_addr":"[::1]:40474"}
APIKeyAuth
{"time":"2026-02-22T18:44:19.238195369+05:30","level":"INFO","msg":"request completed","status":500,"method":"GET","path":"/date","latency_ms":2,"request_id":"ee9bcc36-c1ec-486c-baec-2a3e2bc5d890","remote_addr":"[::1]:40476"}
APIKeyAuth
{"time":"2026-02-22T18:44:19.254980234+05:30","level":"INFO","msg":"request completed","status":500,"method":"GET","path":"/date","latency_ms":1,"request_id":"ba75a6e9-2b5e-4cac-b476-3521c65f68ba","remote_addr":"[::1]:40480"}
APIKeyAuth
{"time":"2026-02-22T18:44:19.268567369+05:30","level":"INFO","msg":"request completed","status":500,"method":"GET","path":"/date","latency_ms":0,"request_id":"89b9a3c5-451e-4010-a430-78dfb68e7aac","remote_addr":"[::1]:40486"}
APIKeyAuth
{"time":"2026-02-22T18:44:19.280743168+05:30","level":"INFO","msg":"request completed","status":500,"method":"GET","path":"/date","latency_ms":0,"request_id":"844d4c3a-d7b3-4ba3-aed5-4be32b2cdf29","remote_addr":"[::1]:40500"}
APIKeyAuth
APIKeyAuth
APIKeyAuth
APIKeyAuth
